2023-03-10 00:08:25.762 [order-service,,] [AsyncReporter{RabbitMQSender{addresses=[192.168.126.64:5672], queue=zipkin}}] WARN  z.reporter.AsyncReporter$BoundedAsyncReporter - Spans were dropped due to exceptions. All subsequent errors will be logged at FINE level.
2023-03-10 00:08:25.764 [order-service,,] [AsyncReporter{RabbitMQSender{addresses=[192.168.126.64:5672], queue=zipkin}}] WARN  z.reporter.AsyncReporter$BoundedAsyncReporter - Dropped 10 spans due to AlreadyClosedException(connection is already closed due to connection error; cause: java.net.SocketException: Connection reset)
com.rabbitmq.client.AlreadyClosedException: connection is already closed due to connection error; cause: java.net.SocketException: Connection reset
	at com.rabbitmq.client.impl.AMQChannel.ensureIsOpen(AMQChannel.java:258)
	at com.rabbitmq.client.impl.AMQChannel.transmit(AMQChannel.java:427)
	at com.rabbitmq.client.impl.ChannelN.basicPublish(ChannelN.java:710)
	at com.rabbitmq.client.impl.ChannelN.basicPublish(ChannelN.java:685)
	at com.rabbitmq.client.impl.ChannelN.basicPublish(ChannelN.java:675)
	at zipkin2.reporter.amqp.RabbitMQSender$RabbitMQCall.publish(RabbitMQSender.java:290)
	at zipkin2.reporter.amqp.RabbitMQSender$RabbitMQCall.doExecute(RabbitMQSender.java:285)
	at zipkin2.reporter.amqp.RabbitMQSender$RabbitMQCall.doExecute(RabbitMQSender.java:277)
	at zipkin2.Call$Base.execute(Call.java:380)
	at zipkin2.reporter.AsyncReporter$BoundedAsyncReporter.flush(AsyncReporter.java:285)
	at zipkin2.reporter.AsyncReporter$Flusher.run(AsyncReporter.java:354)
	at java.base/java.lang.Thread.run(Thread.java:834)
2023-03-10 00:10:10.626 [order-service,,] [SpringContextShutdownHook] WARN  com.netflix.discovery.DiscoveryClient - Saw local status change event StatusChangeEvent [timestamp=1678378210626, current=DOWN, previous=UP]
2023-03-10 00:10:11.375 [order-service,,] [SpringContextShutdownHook] WARN  o.s.beans.factory.support.DisposableBeanAdapter - Destroy method 'close' on bean with name 'zipkinSender' threw an exception
com.rabbitmq.client.AlreadyClosedException: connection is already closed due to connection error; cause: java.net.SocketException: Connection reset
	at com.rabbitmq.client.impl.AMQConnection.startShutdown(AMQConnection.java:923)
	at com.rabbitmq.client.impl.AMQConnection.close(AMQConnection.java:1038)
	at com.rabbitmq.client.impl.AMQConnection.close(AMQConnection.java:967)
	at com.rabbitmq.client.impl.AMQConnection.close(AMQConnection.java:951)
	at com.rabbitmq.client.impl.AMQConnection.close(AMQConnection.java:943)
	at zipkin2.reporter.amqp.RabbitMQSender.close(RabbitMQSender.java:256)
	at java.base/jdk.internal.reflect.NativeMethodAccessorImpl.invoke0(Native Method)
	at java.base/jdk.internal.reflect.NativeMethodAccessorImpl.invoke(NativeMethodAccessorImpl.java:62)
	at java.base/jdk.internal.reflect.DelegatingMethodAccessorImpl.invoke(DelegatingMethodAccessorImpl.java:43)
	at java.base/java.lang.reflect.Method.invoke(Method.java:566)
	at org.springframework.beans.factory.support.DisposableBeanAdapter.invokeCustomDestroyMethod(DisposableBeanAdapter.java:339)
	at org.springframework.beans.factory.support.DisposableBeanAdapter.destroy(DisposableBeanAdapter.java:273)
	at org.springframework.beans.factory.support.DefaultSingletonBeanRegistry.destroyBean(DefaultSingletonBeanRegistry.java:571)
	at org.springframework.beans.factory.support.DefaultSingletonBeanRegistry.destroySingleton(DefaultSingletonBeanRegistry.java:543)
	at org.springframework.beans.factory.support.DefaultListableBeanFactory.destroySingleton(DefaultListableBeanFactory.java:1072)
	at org.springframework.beans.factory.support.DefaultSingletonBeanRegistry.destroySingletons(DefaultSingletonBeanRegistry.java:504)
	at org.springframework.beans.factory.support.DefaultListableBeanFactory.destroySingletons(DefaultListableBeanFactory.java:1065)
	at org.springframework.context.support.AbstractApplicationContext.destroyBeans(AbstractApplicationContext.java:1060)
	at org.springframework.context.support.AbstractApplicationContext.doClose(AbstractApplicationContext.java:1029)
	at org.springframework.context.support.AbstractApplicationContext$1.run(AbstractApplicationContext.java:948)
2023-03-10 00:10:25.021 [order-service,,] [main] WARN  com.netflix.config.sources.URLConfigurationSource - No URLs will be polled as dynamic configuration sources.
2023-03-10 00:10:25.024 [order-service,,] [main] WARN  com.netflix.config.sources.URLConfigurationSource - No URLs will be polled as dynamic configuration sources.
2023-03-10 00:10:27.854 [order-service,,] [main] WARN  o.s.c.l.c.BlockingLoadBalancerClientAutoConfiguration$BlockingLoadBalancerClientRibbonWarnLogger - You already have RibbonLoadBalancerClient on your classpath. It will be used by default. As Spring Cloud Ribbon is in maintenance mode. We recommend switching to BlockingLoadBalancerClient instead. In order to use it, set the value of `spring.cloud.loadbalancer.ribbon.enabled` to `false` or remove spring-cloud-starter-netflix-ribbon from your project.
2023-03-10 00:44:34.014 [order-service,,] [SpringContextShutdownHook] WARN  com.netflix.discovery.DiscoveryClient - Saw local status change event StatusChangeEvent [timestamp=1678380274014, current=DOWN, previous=UP]
2023-03-10 00:44:37.926 [order-service,,] [SpringContextShutdownHook] WARN  c.n.d.s.t.decorator.RetryableEurekaHttpClient - Request execution failed with message: java.net.ConnectException: Connection refused: connect
2023-03-10 00:44:37.938 [order-service,,] [SpringContextShutdownHook] WARN  c.n.d.s.t.decorator.RetryableEurekaHttpClient - Request execution failed with message: java.net.ConnectException: Connection refused: connect
2023-03-10 00:44:37.956 [order-service,,] [SpringContextShutdownHook] WARN  c.n.d.s.t.decorator.RetryableEurekaHttpClient - Request execution failed with message: java.net.ConnectException: Connection refused: connect
2023-03-10 12:03:45.161 [order-service,,] [main] WARN  com.netflix.config.sources.URLConfigurationSource - No URLs will be polled as dynamic configuration sources.
2023-03-10 12:03:45.165 [order-service,,] [main] WARN  com.netflix.config.sources.URLConfigurationSource - No URLs will be polled as dynamic configuration sources.
2023-03-10 12:03:48.343 [order-service,,] [main] WARN  o.s.c.l.c.BlockingLoadBalancerClientAutoConfiguration$BlockingLoadBalancerClientRibbonWarnLogger - You already have RibbonLoadBalancerClient on your classpath. It will be used by default. As Spring Cloud Ribbon is in maintenance mode. We recommend switching to BlockingLoadBalancerClient instead. In order to use it, set the value of `spring.cloud.loadbalancer.ribbon.enabled` to `false` or remove spring-cloud-starter-netflix-ribbon from your project.
2023-03-10 14:19:09.452 [order-service,,] [SpringContextShutdownHook] WARN  com.netflix.discovery.DiscoveryClient - Saw local status change event StatusChangeEvent [timestamp=1678429149452, current=DOWN, previous=UP]
