2023-03-08 15:59:38.125 [order-service,,] [main] INFO  com.example.OrderServiceApplication - No active profile set, falling back to default profiles: default
2023-03-08 15:59:38.809 [order-service,,] [main] INFO  o.s.d.r.config.RepositoryConfigurationDelegate - Multiple Spring Data modules found, entering strict repository configuration mode!
2023-03-08 15:59:38.811 [order-service,,] [main] INFO  o.s.d.r.config.RepositoryConfigurationDelegate - Bootstrapping Spring Data Redis repositories in DEFAULT mode.
2023-03-08 15:59:38.837 [order-service,,] [main] INFO  o.s.d.r.config.RepositoryConfigurationDelegate - Finished Spring Data repository scanning in 9ms. Found 0 Redis repository interfaces.
2023-03-08 15:59:39.134 [order-service,,] [main] INFO  o.springframework.cloud.context.scope.GenericScope - BeanFactory id=a00fba67-0c99-3851-9f9d-644aeca3c1ff
2023-03-08 15:59:39.348 [order-service,,] [main] INFO  o.s.c.s.PostProcessorRegistrationDelegate$BeanPostProcessorChecker - Bean 'org.springframework.transaction.annotation.ProxyTransactionManagementConfiguration' of type [org.springframework.transaction.annotation.ProxyTransactionManagementConfiguration] is not eligible for getting processed by all BeanPostProcessors (for example: not eligible for auto-proxying)
2023-03-08 15:59:39.408 [order-service,,] [main] INFO  o.s.c.s.PostProcessorRegistrationDelegate$BeanPostProcessorChecker - Bean 'spring.sleuth.redis-org.springframework.cloud.sleuth.instrument.redis.TraceRedisProperties' of type [org.springframework.cloud.sleuth.instrument.redis.TraceRedisProperties] is not eligible for getting processed by all BeanPostProcessors (for example: not eligible for auto-proxying)
2023-03-08 15:59:39.643 [order-service,,] [main] INFO  o.s.boot.web.embedded.tomcat.TomcatWebServer - Tomcat initialized with port(s): 9090 (http)
2023-03-08 15:59:39.653 [order-service,,] [main] INFO  org.apache.coyote.http11.Http11NioProtocol - Initializing ProtocolHandler ["http-nio-9090"]
2023-03-08 15:59:39.654 [order-service,,] [main] INFO  org.apache.catalina.core.StandardService - Starting service [Tomcat]
2023-03-08 15:59:39.654 [order-service,,] [main] INFO  org.apache.catalina.core.StandardEngine - Starting Servlet engine: [Apache Tomcat/9.0.30]
2023-03-08 15:59:39.822 [order-service,,] [main] INFO  o.a.c.core.ContainerBase.[Tomcat].[localhost].[/] - Initializing Spring embedded WebApplicationContext
2023-03-08 15:59:39.822 [order-service,,] [main] INFO  org.springframework.web.context.ContextLoader - Root WebApplicationContext: initialization completed in 1656 ms
2023-03-08 15:59:41.824 [order-service,,] [main] INFO  com.netflix.config.sources.URLConfigurationSource - To enable URLs as dynamic configuration sources, define System property archaius.configurationSource.additionalUrls or make config.properties available on classpath.
2023-03-08 15:59:41.831 [order-service,,] [main] INFO  com.netflix.config.sources.URLConfigurationSource - To enable URLs as dynamic configuration sources, define System property archaius.configurationSource.additionalUrls or make config.properties available on classpath.
2023-03-08 15:59:42.021 [order-service,,] [main] INFO  o.s.scheduling.concurrent.ThreadPoolTaskExecutor - Initializing ExecutorService 'applicationTaskExecutor'
2023-03-08 15:59:45.517 [order-service,,] [main] INFO  o.s.cloud.netflix.eureka.InstanceInfoFactory - Setting initial instance status as: STARTING
2023-03-08 15:59:45.549 [order-service,,] [main] INFO  com.netflix.discovery.DiscoveryClient - Initializing Eureka in region us-east-1
2023-03-08 15:59:45.717 [order-service,,] [main] INFO  c.n.discovery.provider.DiscoveryJerseyProvider - Using JSON encoding codec LegacyJacksonJson
2023-03-08 15:59:45.717 [order-service,,] [main] INFO  c.n.discovery.provider.DiscoveryJerseyProvider - Using JSON decoding codec LegacyJacksonJson
2023-03-08 15:59:45.865 [order-service,,] [main] INFO  c.n.discovery.provider.DiscoveryJerseyProvider - Using XML encoding codec XStreamXml
2023-03-08 15:59:45.865 [order-service,,] [main] INFO  c.n.discovery.provider.DiscoveryJerseyProvider - Using XML decoding codec XStreamXml
2023-03-08 15:59:46.009 [order-service,,] [main] INFO  c.n.d.shared.resolver.aws.ConfigClusterResolver - Resolving eureka endpoints via configuration
2023-03-08 15:59:46.580 [order-service,,] [main] INFO  com.netflix.discovery.DiscoveryClient - Disable delta property : false
2023-03-08 15:59:46.580 [order-service,,] [main] INFO  com.netflix.discovery.DiscoveryClient - Single vip registry refresh property : null
2023-03-08 15:59:46.580 [order-service,,] [main] INFO  com.netflix.discovery.DiscoveryClient - Force full registry fetch : false
2023-03-08 15:59:46.580 [order-service,,] [main] INFO  com.netflix.discovery.DiscoveryClient - Application is null : false
2023-03-08 15:59:46.580 [order-service,,] [main] INFO  com.netflix.discovery.DiscoveryClient - Registered Applications size is zero : true
2023-03-08 15:59:46.580 [order-service,,] [main] INFO  com.netflix.discovery.DiscoveryClient - Application version is -1: true
2023-03-08 15:59:46.580 [order-service,,] [main] INFO  com.netflix.discovery.DiscoveryClient - Getting all instance registry info from the eureka server
2023-03-08 15:59:46.768 [order-service,,] [main] INFO  com.netflix.discovery.DiscoveryClient - The response status is 200
2023-03-08 15:59:46.769 [order-service,,] [main] INFO  com.netflix.discovery.DiscoveryClient - Starting heartbeat executor: renew interval is: 30
2023-03-08 15:59:46.771 [order-service,,] [main] INFO  com.netflix.discovery.InstanceInfoReplicator - InstanceInfoReplicator onDemand update allowed rate per min is 4
2023-03-08 15:59:46.776 [order-service,,] [main] INFO  com.netflix.discovery.DiscoveryClient - Discovery Client initialized at timestamp 1678262386773 with initial instances count: 3
2023-03-08 15:59:46.782 [order-service,,] [main] INFO  o.s.c.n.e.serviceregistry.EurekaServiceRegistry - Registering application ORDER-SERVICE with eureka with status UP
2023-03-08 15:59:46.783 [order-service,,] [main] INFO  com.netflix.discovery.DiscoveryClient - Saw local status change event StatusChangeEvent [timestamp=1678262386783, current=UP, previous=STARTING]
2023-03-08 15:59:46.786 [order-service,,] [DiscoveryClient-InstanceInfoReplicator-0] INFO  com.netflix.discovery.DiscoveryClient - DiscoveryClient_ORDER-SERVICE/192.168.126.1:9090: registering service...
2023-03-08 15:59:46.805 [order-service,,] [main] INFO  org.apache.coyote.http11.Http11NioProtocol - Starting ProtocolHandler ["http-nio-9090"]
2023-03-08 15:59:46.830 [order-service,,] [DiscoveryClient-InstanceInfoReplicator-0] INFO  com.netflix.discovery.DiscoveryClient - DiscoveryClient_ORDER-SERVICE/192.168.126.1:9090 - registration status: 204
2023-03-08 15:59:46.833 [order-service,,] [main] INFO  o.s.boot.web.embedded.tomcat.TomcatWebServer - Tomcat started on port(s): 9090 (http) with context path ''
2023-03-08 15:59:46.834 [order-service,,] [main] INFO  o.s.c.n.e.s.EurekaAutoServiceRegistration - Updating port to 9090
2023-03-08 15:59:47.797 [order-service,,] [main] INFO  com.example.OrderServiceApplication - Started OrderServiceApplication in 11.661 seconds (JVM running for 13.416)
2023-03-08 16:02:35.276 [order-service,,] [http-nio-9090-exec-1] INFO  o.a.c.core.ContainerBase.[Tomcat].[localhost].[/] - Initializing Spring DispatcherServlet 'dispatcherServlet'
2023-03-08 16:02:35.276 [order-service,,] [http-nio-9090-exec-1] INFO  org.springframework.web.servlet.DispatcherServlet - Initializing Servlet 'dispatcherServlet'
2023-03-08 16:02:35.286 [order-service,,] [http-nio-9090-exec-1] INFO  org.springframework.web.servlet.DispatcherServlet - Completed initialization in 10 ms
2023-03-08 16:02:35.398 [order-service,b523cee6fffefa19,b523cee6fffefa19] [http-nio-9090-exec-1] INFO  com.netflix.config.ChainedDynamicProperty - Flipping property: product-service.ribbon.ActiveConnectionsLimit to use NEXT property: niws.loadbalancer.availabilityFilteringRule.activeConnectionsLimit = 2147483647
2023-03-08 16:02:35.416 [order-service,b523cee6fffefa19,b523cee6fffefa19] [http-nio-9090-exec-1] INFO  com.netflix.util.concurrent.ShutdownEnabledTimer - Shutdown hook installed for: NFLoadBalancer-PingTimer-product-service
2023-03-08 16:02:35.416 [order-service,b523cee6fffefa19,b523cee6fffefa19] [http-nio-9090-exec-1] INFO  com.netflix.loadbalancer.BaseLoadBalancer - Client: product-service instantiated a LoadBalancer: DynamicServerListLoadBalancer:{NFLoadBalancer:name=product-service,current list of Servers=[],Load balancer stats=Zone stats: {},Server stats: []}ServerList:null
2023-03-08 16:02:35.421 [order-service,b523cee6fffefa19,b523cee6fffefa19] [http-nio-9090-exec-1] INFO  c.n.loadbalancer.DynamicServerListLoadBalancer - Using serverListUpdater PollingServerListUpdater
2023-03-08 16:02:35.432 [order-service,b523cee6fffefa19,b523cee6fffefa19] [http-nio-9090-exec-1] INFO  com.netflix.config.ChainedDynamicProperty - Flipping property: product-service.ribbon.ActiveConnectionsLimit to use NEXT property: niws.loadbalancer.availabilityFilteringRule.activeConnectionsLimit = 2147483647
2023-03-08 16:02:35.433 [order-service,b523cee6fffefa19,b523cee6fffefa19] [http-nio-9090-exec-1] INFO  c.n.loadbalancer.DynamicServerListLoadBalancer - DynamicServerListLoadBalancer for client product-service initialized: DynamicServerListLoadBalancer:{NFLoadBalancer:name=product-service,current list of Servers=[192.168.126.1:7070],Load balancer stats=Zone stats: {defaultzone=[Zone:defaultzone;	Instance count:1;	Active connections count: 0;	Circuit breaker tripped count: 0;	Active connections per server: 0.0;]
},Server stats: [[Server:192.168.126.1:7070;	Zone:defaultZone;	Total Requests:0;	Successive connection failure:0;	Total blackout seconds:0;	Last connection made:Thu Jan 01 08:00:00 CST 1970;	First connection made: Thu Jan 01 08:00:00 CST 1970;	Active Connections:0;	total failure count in last (1000) msecs:0;	average resp time:0.0;	90 percentile resp time:0.0;	95 percentile resp time:0.0;	min resp time:0.0;	max resp time:0.0;	stddev resp time:0.0]
]}ServerList:org.springframework.cloud.netflix.ribbon.eureka.DomainExtractingServerList@3a0e11e8
2023-03-08 16:02:35.618 [order-service,b523cee6fffefa19,b523cee6fffefa19] [http-nio-9090-exec-1] INFO  com.zaxxer.hikari.HikariDataSource - HikariPool-1 - Starting...
2023-03-08 16:02:35.806 [order-service,b523cee6fffefa19,b523cee6fffefa19] [http-nio-9090-exec-1] INFO  com.zaxxer.hikari.HikariDataSource - HikariPool-1 - Start completed.
2023-03-08 16:02:36.425 [order-service,,] [PollingServerListUpdater-0] INFO  com.netflix.config.ChainedDynamicProperty - Flipping property: product-service.ribbon.ActiveConnectionsLimit to use NEXT property: niws.loadbalancer.availabilityFilteringRule.activeConnectionsLimit = 2147483647
2023-03-08 16:04:46.587 [order-service,,] [AsyncResolver-bootstrap-executor-0] INFO  c.n.d.shared.resolver.aws.ConfigClusterResolver - Resolving eureka endpoints via configuration
2023-03-08 16:09:46.588 [order-service,,] [AsyncResolver-bootstrap-executor-0] INFO  c.n.d.shared.resolver.aws.ConfigClusterResolver - Resolving eureka endpoints via configuration
