2023-03-09 10:24:25.390 [gateway-server,,] [main] INFO  com.example.GatewayServerApplication - No active profile set, falling back to default profiles: default
2023-03-09 10:24:25.893 [gateway-server,,] [main] INFO  o.s.d.r.config.RepositoryConfigurationDelegate - Multiple Spring Data modules found, entering strict repository configuration mode!
2023-03-09 10:24:25.896 [gateway-server,,] [main] INFO  o.s.d.r.config.RepositoryConfigurationDelegate - Bootstrapping Spring Data Redis repositories in DEFAULT mode.
2023-03-09 10:24:25.927 [gateway-server,,] [main] INFO  o.s.d.r.config.RepositoryConfigurationDelegate - Finished Spring Data repository scanning in 7ms. Found 0 Redis repository interfaces.
2023-03-09 10:24:26.100 [gateway-server,,] [main] INFO  o.springframework.cloud.context.scope.GenericScope - BeanFactory id=729c8922-7049-3fc1-8c4b-0cfa2d48b0af
2023-03-09 10:24:26.315 [gateway-server,,] [main] INFO  o.s.c.s.PostProcessorRegistrationDelegate$BeanPostProcessorChecker - Bean 'org.springframework.cloud.client.loadbalancer.reactive.LoadBalancerBeanPostProcessorAutoConfiguration' of type [org.springframework.cloud.client.loadbalancer.reactive.LoadBalancerBeanPostProcessorAutoConfiguration] is not eligible for getting processed by all BeanPostProcessors (for example: not eligible for auto-proxying)
2023-03-09 10:24:26.316 [gateway-server,,] [main] INFO  o.s.c.s.PostProcessorRegistrationDelegate$BeanPostProcessorChecker - Bean 'org.springframework.cloud.client.loadbalancer.reactive.LoadBalancerBeanPostProcessorAutoConfiguration$ReactiveLoadBalancerConfig' of type [org.springframework.cloud.client.loadbalancer.reactive.LoadBalancerBeanPostProcessorAutoConfiguration$ReactiveLoadBalancerConfig] is not eligible for getting processed by all BeanPostProcessors (for example: not eligible for auto-proxying)
2023-03-09 10:24:26.318 [gateway-server,,] [main] INFO  o.s.c.s.PostProcessorRegistrationDelegate$BeanPostProcessorChecker - Bean 'deferringLoadBalancerExchangeFilterFunction' of type [org.springframework.cloud.client.loadbalancer.reactive.DeferringLoadBalancerExchangeFilterFunction] is not eligible for getting processed by all BeanPostProcessors (for example: not eligible for auto-proxying)
2023-03-09 10:24:26.322 [gateway-server,,] [main] INFO  o.s.c.s.PostProcessorRegistrationDelegate$BeanPostProcessorChecker - Bean 'org.springframework.cloud.sleuth.instrument.web.client.TraceWebClientAutoConfiguration$NettyConfiguration' of type [org.springframework.cloud.sleuth.instrument.web.client.TraceWebClientAutoConfiguration$NettyConfiguration] is not eligible for getting processed by all BeanPostProcessors (for example: not eligible for auto-proxying)
2023-03-09 10:24:26.337 [gateway-server,,] [main] INFO  o.s.c.s.PostProcessorRegistrationDelegate$BeanPostProcessorChecker - Bean 'spring.sleuth.redis-org.springframework.cloud.sleuth.instrument.redis.TraceRedisProperties' of type [org.springframework.cloud.sleuth.instrument.redis.TraceRedisProperties] is not eligible for getting processed by all BeanPostProcessors (for example: not eligible for auto-proxying)
2023-03-09 10:24:26.460 [gateway-server,,] [main] INFO  com.netflix.config.sources.URLConfigurationSource - To enable URLs as dynamic configuration sources, define System property archaius.configurationSource.additionalUrls or make config.properties available on classpath.
2023-03-09 10:24:26.463 [gateway-server,,] [main] INFO  com.netflix.config.sources.URLConfigurationSource - To enable URLs as dynamic configuration sources, define System property archaius.configurationSource.additionalUrls or make config.properties available on classpath.
2023-03-09 10:24:31.562 [gateway-server,,] [main] INFO  o.s.c.gateway.route.RouteDefinitionRouteLocator - Loaded RoutePredicateFactory [After]
2023-03-09 10:24:31.562 [gateway-server,,] [main] INFO  o.s.c.gateway.route.RouteDefinitionRouteLocator - Loaded RoutePredicateFactory [Before]
2023-03-09 10:24:31.562 [gateway-server,,] [main] INFO  o.s.c.gateway.route.RouteDefinitionRouteLocator - Loaded RoutePredicateFactory [Between]
2023-03-09 10:24:31.562 [gateway-server,,] [main] INFO  o.s.c.gateway.route.RouteDefinitionRouteLocator - Loaded RoutePredicateFactory [Cookie]
2023-03-09 10:24:31.562 [gateway-server,,] [main] INFO  o.s.c.gateway.route.RouteDefinitionRouteLocator - Loaded RoutePredicateFactory [Header]
2023-03-09 10:24:31.562 [gateway-server,,] [main] INFO  o.s.c.gateway.route.RouteDefinitionRouteLocator - Loaded RoutePredicateFactory [Host]
2023-03-09 10:24:31.562 [gateway-server,,] [main] INFO  o.s.c.gateway.route.RouteDefinitionRouteLocator - Loaded RoutePredicateFactory [Method]
2023-03-09 10:24:31.562 [gateway-server,,] [main] INFO  o.s.c.gateway.route.RouteDefinitionRouteLocator - Loaded RoutePredicateFactory [Path]
2023-03-09 10:24:31.562 [gateway-server,,] [main] INFO  o.s.c.gateway.route.RouteDefinitionRouteLocator - Loaded RoutePredicateFactory [Query]
2023-03-09 10:24:31.562 [gateway-server,,] [main] INFO  o.s.c.gateway.route.RouteDefinitionRouteLocator - Loaded RoutePredicateFactory [ReadBodyPredicateFactory]
2023-03-09 10:24:31.562 [gateway-server,,] [main] INFO  o.s.c.gateway.route.RouteDefinitionRouteLocator - Loaded RoutePredicateFactory [RemoteAddr]
2023-03-09 10:24:31.562 [gateway-server,,] [main] INFO  o.s.c.gateway.route.RouteDefinitionRouteLocator - Loaded RoutePredicateFactory [Weight]
2023-03-09 10:24:31.562 [gateway-server,,] [main] INFO  o.s.c.gateway.route.RouteDefinitionRouteLocator - Loaded RoutePredicateFactory [CloudFoundryRouteService]
2023-03-09 10:24:33.845 [gateway-server,,] [main] INFO  o.s.cloud.netflix.eureka.InstanceInfoFactory - Setting initial instance status as: STARTING
2023-03-09 10:24:33.865 [gateway-server,,] [main] INFO  com.netflix.discovery.DiscoveryClient - Initializing Eureka in region us-east-1
2023-03-09 10:24:33.973 [gateway-server,,] [main] INFO  c.n.discovery.provider.DiscoveryJerseyProvider - Using JSON encoding codec LegacyJacksonJson
2023-03-09 10:24:33.973 [gateway-server,,] [main] INFO  c.n.discovery.provider.DiscoveryJerseyProvider - Using JSON decoding codec LegacyJacksonJson
2023-03-09 10:24:34.084 [gateway-server,,] [main] INFO  c.n.discovery.provider.DiscoveryJerseyProvider - Using XML encoding codec XStreamXml
2023-03-09 10:24:34.084 [gateway-server,,] [main] INFO  c.n.discovery.provider.DiscoveryJerseyProvider - Using XML decoding codec XStreamXml
2023-03-09 10:24:34.168 [gateway-server,,] [main] INFO  c.n.d.shared.resolver.aws.ConfigClusterResolver - Resolving eureka endpoints via configuration
2023-03-09 10:24:34.499 [gateway-server,,] [main] INFO  com.netflix.discovery.DiscoveryClient - Disable delta property : false
2023-03-09 10:24:34.499 [gateway-server,,] [main] INFO  com.netflix.discovery.DiscoveryClient - Single vip registry refresh property : null
2023-03-09 10:24:34.499 [gateway-server,,] [main] INFO  com.netflix.discovery.DiscoveryClient - Force full registry fetch : false
2023-03-09 10:24:34.499 [gateway-server,,] [main] INFO  com.netflix.discovery.DiscoveryClient - Application is null : false
2023-03-09 10:24:34.499 [gateway-server,,] [main] INFO  com.netflix.discovery.DiscoveryClient - Registered Applications size is zero : true
2023-03-09 10:24:34.499 [gateway-server,,] [main] INFO  com.netflix.discovery.DiscoveryClient - Application version is -1: true
2023-03-09 10:24:34.499 [gateway-server,,] [main] INFO  com.netflix.discovery.DiscoveryClient - Getting all instance registry info from the eureka server
2023-03-09 10:24:34.671 [gateway-server,,] [main] INFO  com.netflix.discovery.DiscoveryClient - The response status is 200
2023-03-09 10:24:34.672 [gateway-server,,] [main] INFO  com.netflix.discovery.DiscoveryClient - Starting heartbeat executor: renew interval is: 30
2023-03-09 10:24:34.674 [gateway-server,,] [main] INFO  com.netflix.discovery.InstanceInfoReplicator - InstanceInfoReplicator onDemand update allowed rate per min is 4
2023-03-09 10:24:34.676 [gateway-server,,] [main] INFO  com.netflix.discovery.DiscoveryClient - Discovery Client initialized at timestamp 1678328674675 with initial instances count: 3
2023-03-09 10:24:34.679 [gateway-server,,] [main] INFO  o.s.c.n.e.serviceregistry.EurekaServiceRegistry - Registering application GATEWAY-SERVER with eureka with status UP
2023-03-09 10:24:34.679 [gateway-server,,] [main] INFO  com.netflix.discovery.DiscoveryClient - Saw local status change event StatusChangeEvent [timestamp=1678328674679, current=UP, previous=STARTING]
2023-03-09 10:24:34.681 [gateway-server,,] [DiscoveryClient-InstanceInfoReplicator-0] INFO  com.netflix.discovery.DiscoveryClient - DiscoveryClient_GATEWAY-SERVER/192.168.126.1:9000: registering service...
2023-03-09 10:24:34.719 [gateway-server,,] [DiscoveryClient-InstanceInfoReplicator-0] INFO  com.netflix.discovery.DiscoveryClient - DiscoveryClient_GATEWAY-SERVER/192.168.126.1:9000 - registration status: 204
2023-03-09 10:24:35.222 [gateway-server,,] [main] INFO  o.s.boot.web.embedded.netty.NettyWebServer - Netty started on port(s): 9000
2023-03-09 10:24:35.223 [gateway-server,,] [main] INFO  o.s.c.n.e.s.EurekaAutoServiceRegistration - Updating port to 9000
2023-03-09 10:24:36.194 [gateway-server,,] [main] INFO  com.example.GatewayServerApplication - Started GatewayServerApplication in 13.074 seconds (JVM running for 14.356)
2023-03-09 10:25:04.754 [gateway-server,,] [DiscoveryClient-HeartbeatExecutor-0] INFO  com.netflix.discovery.DiscoveryClient - DiscoveryClient_GATEWAY-SERVER/192.168.126.1:9000 - Re-registering apps/GATEWAY-SERVER
2023-03-09 10:25:04.755 [gateway-server,,] [DiscoveryClient-HeartbeatExecutor-0] INFO  com.netflix.discovery.DiscoveryClient - DiscoveryClient_GATEWAY-SERVER/192.168.126.1:9000: registering service...
2023-03-09 10:25:04.772 [gateway-server,,] [DiscoveryClient-HeartbeatExecutor-0] INFO  com.netflix.discovery.DiscoveryClient - DiscoveryClient_GATEWAY-SERVER/192.168.126.1:9000 - registration status: 204
2023-03-09 10:29:34.514 [gateway-server,,] [AsyncResolver-bootstrap-executor-0] INFO  c.n.d.shared.resolver.aws.ConfigClusterResolver - Resolving eureka endpoints via configuration
2023-03-09 10:34:34.522 [gateway-server,,] [AsyncResolver-bootstrap-executor-0] INFO  c.n.d.shared.resolver.aws.ConfigClusterResolver - Resolving eureka endpoints via configuration
2023-03-09 10:39:34.560 [gateway-server,,] [AsyncResolver-bootstrap-executor-0] INFO  c.n.d.shared.resolver.aws.ConfigClusterResolver - Resolving eureka endpoints via configuration
2023-03-09 10:44:34.608 [gateway-server,,] [AsyncResolver-bootstrap-executor-0] INFO  c.n.d.shared.resolver.aws.ConfigClusterResolver - Resolving eureka endpoints via configuration
2023-03-09 10:49:34.660 [gateway-server,,] [AsyncResolver-bootstrap-executor-0] INFO  c.n.d.shared.resolver.aws.ConfigClusterResolver - Resolving eureka endpoints via configuration
2023-03-09 10:54:34.711 [gateway-server,,] [AsyncResolver-bootstrap-executor-0] INFO  c.n.d.shared.resolver.aws.ConfigClusterResolver - Resolving eureka endpoints via configuration
2023-03-09 10:59:34.741 [gateway-server,,] [AsyncResolver-bootstrap-executor-0] INFO  c.n.d.shared.resolver.aws.ConfigClusterResolver - Resolving eureka endpoints via configuration
2023-03-09 11:04:34.773 [gateway-server,,] [AsyncResolver-bootstrap-executor-0] INFO  c.n.d.shared.resolver.aws.ConfigClusterResolver - Resolving eureka endpoints via configuration
2023-03-09 11:08:19.048 [gateway-server,,] [SpringContextShutdownHook] INFO  o.s.c.n.e.serviceregistry.EurekaServiceRegistry - Unregistering application GATEWAY-SERVER with eureka with status DOWN
2023-03-09 11:08:19.050 [gateway-server,,] [DiscoveryClient-InstanceInfoReplicator-0] INFO  com.netflix.discovery.DiscoveryClient - DiscoveryClient_GATEWAY-SERVER/192.168.126.1:9000: registering service...
2023-03-09 11:08:19.062 [gateway-server,,] [DiscoveryClient-InstanceInfoReplicator-0] INFO  com.netflix.discovery.DiscoveryClient - DiscoveryClient_GATEWAY-SERVER/192.168.126.1:9000 - registration status: 204
2023-03-09 11:08:21.620 [gateway-server,,] [SpringContextShutdownHook] INFO  com.netflix.discovery.DiscoveryClient - Shutting down DiscoveryClient ...
2023-03-09 11:08:24.631 [gateway-server,,] [SpringContextShutdownHook] INFO  com.netflix.discovery.DiscoveryClient - Unregistering ...
2023-03-09 11:08:24.648 [gateway-server,,] [SpringContextShutdownHook] INFO  com.netflix.discovery.DiscoveryClient - DiscoveryClient_GATEWAY-SERVER/192.168.126.1:9000 - deregister  status: 200
2023-03-09 11:08:24.655 [gateway-server,,] [SpringContextShutdownHook] INFO  com.netflix.discovery.DiscoveryClient - Completed shut down of DiscoveryClient
2023-03-09 11:08:29.165 [gateway-server,,] [main] INFO  com.example.GatewayServerApplication - No active profile set, falling back to default profiles: default
2023-03-09 11:08:29.515 [gateway-server,,] [main] INFO  o.s.d.r.config.RepositoryConfigurationDelegate - Multiple Spring Data modules found, entering strict repository configuration mode!
2023-03-09 11:08:29.516 [gateway-server,,] [main] INFO  o.s.d.r.config.RepositoryConfigurationDelegate - Bootstrapping Spring Data Redis repositories in DEFAULT mode.
2023-03-09 11:08:29.531 [gateway-server,,] [main] INFO  o.s.d.r.config.RepositoryConfigurationDelegate - Finished Spring Data repository scanning in 4ms. Found 0 Redis repository interfaces.
2023-03-09 11:08:29.684 [gateway-server,,] [main] INFO  o.springframework.cloud.context.scope.GenericScope - BeanFactory id=729c8922-7049-3fc1-8c4b-0cfa2d48b0af
2023-03-09 11:08:29.831 [gateway-server,,] [main] INFO  o.s.c.s.PostProcessorRegistrationDelegate$BeanPostProcessorChecker - Bean 'org.springframework.cloud.client.loadbalancer.reactive.LoadBalancerBeanPostProcessorAutoConfiguration' of type [org.springframework.cloud.client.loadbalancer.reactive.LoadBalancerBeanPostProcessorAutoConfiguration] is not eligible for getting processed by all BeanPostProcessors (for example: not eligible for auto-proxying)
2023-03-09 11:08:29.832 [gateway-server,,] [main] INFO  o.s.c.s.PostProcessorRegistrationDelegate$BeanPostProcessorChecker - Bean 'org.springframework.cloud.client.loadbalancer.reactive.LoadBalancerBeanPostProcessorAutoConfiguration$ReactiveLoadBalancerConfig' of type [org.springframework.cloud.client.loadbalancer.reactive.LoadBalancerBeanPostProcessorAutoConfiguration$ReactiveLoadBalancerConfig] is not eligible for getting processed by all BeanPostProcessors (for example: not eligible for auto-proxying)
2023-03-09 11:08:29.834 [gateway-server,,] [main] INFO  o.s.c.s.PostProcessorRegistrationDelegate$BeanPostProcessorChecker - Bean 'deferringLoadBalancerExchangeFilterFunction' of type [org.springframework.cloud.client.loadbalancer.reactive.DeferringLoadBalancerExchangeFilterFunction] is not eligible for getting processed by all BeanPostProcessors (for example: not eligible for auto-proxying)
2023-03-09 11:08:29.838 [gateway-server,,] [main] INFO  o.s.c.s.PostProcessorRegistrationDelegate$BeanPostProcessorChecker - Bean 'org.springframework.cloud.sleuth.instrument.web.client.TraceWebClientAutoConfiguration$NettyConfiguration' of type [org.springframework.cloud.sleuth.instrument.web.client.TraceWebClientAutoConfiguration$NettyConfiguration] is not eligible for getting processed by all BeanPostProcessors (for example: not eligible for auto-proxying)
2023-03-09 11:08:29.851 [gateway-server,,] [main] INFO  o.s.c.s.PostProcessorRegistrationDelegate$BeanPostProcessorChecker - Bean 'spring.sleuth.redis-org.springframework.cloud.sleuth.instrument.redis.TraceRedisProperties' of type [org.springframework.cloud.sleuth.instrument.redis.TraceRedisProperties] is not eligible for getting processed by all BeanPostProcessors (for example: not eligible for auto-proxying)
2023-03-09 11:08:29.935 [gateway-server,,] [main] INFO  com.netflix.config.sources.URLConfigurationSource - To enable URLs as dynamic configuration sources, define System property archaius.configurationSource.additionalUrls or make config.properties available on classpath.
2023-03-09 11:08:29.938 [gateway-server,,] [main] INFO  com.netflix.config.sources.URLConfigurationSource - To enable URLs as dynamic configuration sources, define System property archaius.configurationSource.additionalUrls or make config.properties available on classpath.
2023-03-09 11:08:32.740 [gateway-server,,] [main] INFO  o.s.c.gateway.route.RouteDefinitionRouteLocator - Loaded RoutePredicateFactory [After]
2023-03-09 11:08:32.741 [gateway-server,,] [main] INFO  o.s.c.gateway.route.RouteDefinitionRouteLocator - Loaded RoutePredicateFactory [Before]
2023-03-09 11:08:32.741 [gateway-server,,] [main] INFO  o.s.c.gateway.route.RouteDefinitionRouteLocator - Loaded RoutePredicateFactory [Between]
2023-03-09 11:08:32.741 [gateway-server,,] [main] INFO  o.s.c.gateway.route.RouteDefinitionRouteLocator - Loaded RoutePredicateFactory [Cookie]
2023-03-09 11:08:32.741 [gateway-server,,] [main] INFO  o.s.c.gateway.route.RouteDefinitionRouteLocator - Loaded RoutePredicateFactory [Header]
2023-03-09 11:08:32.741 [gateway-server,,] [main] INFO  o.s.c.gateway.route.RouteDefinitionRouteLocator - Loaded RoutePredicateFactory [Host]
2023-03-09 11:08:32.741 [gateway-server,,] [main] INFO  o.s.c.gateway.route.RouteDefinitionRouteLocator - Loaded RoutePredicateFactory [Method]
2023-03-09 11:08:32.741 [gateway-server,,] [main] INFO  o.s.c.gateway.route.RouteDefinitionRouteLocator - Loaded RoutePredicateFactory [Path]
2023-03-09 11:08:32.741 [gateway-server,,] [main] INFO  o.s.c.gateway.route.RouteDefinitionRouteLocator - Loaded RoutePredicateFactory [Query]
2023-03-09 11:08:32.741 [gateway-server,,] [main] INFO  o.s.c.gateway.route.RouteDefinitionRouteLocator - Loaded RoutePredicateFactory [ReadBodyPredicateFactory]
2023-03-09 11:08:32.741 [gateway-server,,] [main] INFO  o.s.c.gateway.route.RouteDefinitionRouteLocator - Loaded RoutePredicateFactory [RemoteAddr]
2023-03-09 11:08:32.741 [gateway-server,,] [main] INFO  o.s.c.gateway.route.RouteDefinitionRouteLocator - Loaded RoutePredicateFactory [Weight]
2023-03-09 11:08:32.741 [gateway-server,,] [main] INFO  o.s.c.gateway.route.RouteDefinitionRouteLocator - Loaded RoutePredicateFactory [CloudFoundryRouteService]
2023-03-09 11:08:34.583 [gateway-server,,] [main] INFO  o.s.cloud.netflix.eureka.InstanceInfoFactory - Setting initial instance status as: STARTING
2023-03-09 11:08:34.599 [gateway-server,,] [main] INFO  com.netflix.discovery.DiscoveryClient - Initializing Eureka in region us-east-1
2023-03-09 11:08:34.700 [gateway-server,,] [main] INFO  c.n.discovery.provider.DiscoveryJerseyProvider - Using JSON encoding codec LegacyJacksonJson
2023-03-09 11:08:34.700 [gateway-server,,] [main] INFO  c.n.discovery.provider.DiscoveryJerseyProvider - Using JSON decoding codec LegacyJacksonJson
2023-03-09 11:08:34.795 [gateway-server,,] [main] INFO  c.n.discovery.provider.DiscoveryJerseyProvider - Using XML encoding codec XStreamXml
2023-03-09 11:08:34.795 [gateway-server,,] [main] INFO  c.n.discovery.provider.DiscoveryJerseyProvider - Using XML decoding codec XStreamXml
2023-03-09 11:08:34.872 [gateway-server,,] [main] INFO  c.n.d.shared.resolver.aws.ConfigClusterResolver - Resolving eureka endpoints via configuration
2023-03-09 11:08:35.222 [gateway-server,,] [main] INFO  com.netflix.discovery.DiscoveryClient - Disable delta property : false
2023-03-09 11:08:35.222 [gateway-server,,] [main] INFO  com.netflix.discovery.DiscoveryClient - Single vip registry refresh property : null
2023-03-09 11:08:35.222 [gateway-server,,] [main] INFO  com.netflix.discovery.DiscoveryClient - Force full registry fetch : false
2023-03-09 11:08:35.222 [gateway-server,,] [main] INFO  com.netflix.discovery.DiscoveryClient - Application is null : false
2023-03-09 11:08:35.222 [gateway-server,,] [main] INFO  com.netflix.discovery.DiscoveryClient - Registered Applications size is zero : true
2023-03-09 11:08:35.222 [gateway-server,,] [main] INFO  com.netflix.discovery.DiscoveryClient - Application version is -1: true
2023-03-09 11:08:35.222 [gateway-server,,] [main] INFO  com.netflix.discovery.DiscoveryClient - Getting all instance registry info from the eureka server
2023-03-09 11:08:35.384 [gateway-server,,] [main] INFO  com.netflix.discovery.DiscoveryClient - The response status is 200
2023-03-09 11:08:35.387 [gateway-server,,] [main] INFO  com.netflix.discovery.DiscoveryClient - Starting heartbeat executor: renew interval is: 30
2023-03-09 11:08:35.388 [gateway-server,,] [main] INFO  com.netflix.discovery.InstanceInfoReplicator - InstanceInfoReplicator onDemand update allowed rate per min is 4
2023-03-09 11:08:35.391 [gateway-server,,] [main] INFO  com.netflix.discovery.DiscoveryClient - Discovery Client initialized at timestamp 1678331315390 with initial instances count: 4
2023-03-09 11:08:35.393 [gateway-server,,] [main] INFO  o.s.c.n.e.serviceregistry.EurekaServiceRegistry - Registering application GATEWAY-SERVER with eureka with status UP
2023-03-09 11:08:35.394 [gateway-server,,] [main] INFO  com.netflix.discovery.DiscoveryClient - Saw local status change event StatusChangeEvent [timestamp=1678331315394, current=UP, previous=STARTING]
2023-03-09 11:08:35.396 [gateway-server,,] [DiscoveryClient-InstanceInfoReplicator-0] INFO  com.netflix.discovery.DiscoveryClient - DiscoveryClient_GATEWAY-SERVER/192.168.126.1:9000: registering service...
2023-03-09 11:08:35.418 [gateway-server,,] [DiscoveryClient-InstanceInfoReplicator-0] INFO  com.netflix.discovery.DiscoveryClient - DiscoveryClient_GATEWAY-SERVER/192.168.126.1:9000 - registration status: 204
2023-03-09 11:08:35.904 [gateway-server,,] [main] INFO  o.s.boot.web.embedded.netty.NettyWebServer - Netty started on port(s): 9000
2023-03-09 11:08:35.906 [gateway-server,,] [main] INFO  o.s.c.n.e.s.EurekaAutoServiceRegistration - Updating port to 9000
2023-03-09 11:08:36.881 [gateway-server,,] [main] INFO  com.example.GatewayServerApplication - Started GatewayServerApplication in 9.225 seconds (JVM running for 10.522)
2023-03-09 11:12:38.433 [gateway-server,,] [SpringContextShutdownHook] INFO  o.s.c.n.e.serviceregistry.EurekaServiceRegistry - Unregistering application GATEWAY-SERVER with eureka with status DOWN
2023-03-09 11:12:38.434 [gateway-server,,] [DiscoveryClient-InstanceInfoReplicator-0] INFO  com.netflix.discovery.DiscoveryClient - DiscoveryClient_GATEWAY-SERVER/192.168.126.1:9000: registering service...
2023-03-09 11:12:38.444 [gateway-server,,] [DiscoveryClient-InstanceInfoReplicator-0] INFO  com.netflix.discovery.DiscoveryClient - DiscoveryClient_GATEWAY-SERVER/192.168.126.1:9000 - registration status: 204
2023-03-09 11:12:41.319 [gateway-server,,] [SpringContextShutdownHook] INFO  com.netflix.discovery.DiscoveryClient - Shutting down DiscoveryClient ...
2023-03-09 11:12:44.329 [gateway-server,,] [SpringContextShutdownHook] INFO  com.netflix.discovery.DiscoveryClient - Unregistering ...
2023-03-09 11:12:44.347 [gateway-server,,] [SpringContextShutdownHook] INFO  com.netflix.discovery.DiscoveryClient - DiscoveryClient_GATEWAY-SERVER/192.168.126.1:9000 - deregister  status: 200
2023-03-09 11:12:44.360 [gateway-server,,] [SpringContextShutdownHook] INFO  com.netflix.discovery.DiscoveryClient - Completed shut down of DiscoveryClient
